<?xml version="1.0" encoding="UTF-8"?>
<persistence version="2.1"
	xmlns="http://xmlns.jcp.org/xml/ns/persistence" xmlns:xsi="http://www.w3.org/2001/XMLSchema-instance"
	xsi:schemaLocation="http://xmlns.jcp.org/xml/ns/persistence http://xmlns.jcp.org/xml/ns/persistence/persistence_2_1.xsd">
	<persistence-unit name="persistanceUnit">
	
		<class>com.demo.console.models.entities.AudienceParameterMaster</class>
		<class>com.demo.console.models.entities.RunDate</class>
		<class>com.demo.console.models.entities.TargetAudience</class>
		<class>com.demo.console.models.entities.Campaign</class>
		<class>com.demo.console.models.entities.MriParameterMaster</class>
		<class>com.demo.console.models.entities.BaseDaoObject</class>
		<class>com.demo.console.models.entities.DemoCampaign</class>
		<class>com.demo.console.models.entities.DirectbuyParentNetworkMaster</class>
		
		<properties>
			<property name="javax.persistence.jdbc.driver" value="org.hsqldb.jdbcDriver" />
			<property name="javax.persistence.jdbc.url" value="jdbc:hsqldb:mem:ampranker" />
			<property name="javax.persistence.jdbc.user" value="testuser" />
			<property name="javax.persistence.jdbc.password" value="password" />
			<property name="hibernate.dialect" value="org.hibernate.dialect.HSQLDialect" />
			<property name="hibernate.hbm2ddl.auto" value="update" />
		</properties>
	</persistence-unit>
</persistence>